[2025-11-13 03:55:05][ INFO] Config prepared: dataset=fd_depth_fm_v1, include=['hamlyn', 'EndoNeRF', 'C3VD', 'EndoMapper']
[2025-11-13 03:55:09][ INFO] Loaded 4 datasets (27962 samples)
[2025-11-13 03:55:09][ INFO]   EndoNeRF (LS): 156
[2025-11-13 03:55:09][ INFO]   C3VD (NO): 10015
[2025-11-13 03:55:09][ INFO]   EndoMapper (NO): 1919
[2025-11-13 03:55:09][ INFO]   hamlyn (LS): 15872
[2025-11-13 03:55:09][WARNING] Patched DinoVisionTransformer.get_intermediate_layers to ignore unsupported `extra_tokens` kwarg.
[2025-11-13 03:55:09][WARNING] Patched DinoVisionTransformer.get_intermediate_layers to ignore unsupported `extra_tokens` kwarg.
[2025-11-13 03:55:09][WARNING] Patched DinoVisionTransformer.get_intermediate_layers to ignore unsupported `extra_tokens` kwarg.
[2025-11-13 03:55:09][WARNING] Patched DinoVisionTransformer.get_intermediate_layers to ignore unsupported `extra_tokens` kwarg.
[2025-11-13 03:55:10][ INFO] Not in a distributed environment. Loading model to cuda:0.
[2025-11-13 03:55:10][ INFO] Using DataParallel across GPUs: 0,1,2,3,4,5
[2025-11-13 03:55:10][ INFO] Loading weights from checkpoint: /home/ziyi/checkpoint_best_absrel_combined.pth
[2025-11-13 03:55:11][ INFO] Config mode: original, is_lora: False
[2025-11-13 03:55:11][ INFO] --- Original Checkpoint Attention Keys (blocks.0.attn) ---
[2025-11-13 03:55:11][ INFO]   - backbone.blocks.0.attn.proj.bias
[2025-11-13 03:55:11][ INFO]   - backbone.blocks.0.attn.proj.weight
[2025-11-13 03:55:11][ INFO]   - backbone.blocks.0.attn.qkv.bias
[2025-11-13 03:55:11][ INFO]   - backbone.blocks.0.attn.qkv.weight
[2025-11-13 03:55:11][ INFO] --- Model Attention Keys (blocks.0.attn) ---
[2025-11-13 03:55:11][ INFO]   - backbone.blocks.0.attn.proj.bias
[2025-11-13 03:55:11][ INFO]   - backbone.blocks.0.attn.proj.weight
[2025-11-13 03:55:11][ INFO]   - backbone.blocks.0.attn.qkv.bias
[2025-11-13 03:55:11][ INFO]   - backbone.blocks.0.attn.qkv.weight
[2025-11-13 03:55:11][ INFO] ---------------------------------
[2025-11-13 03:55:11][ INFO] [Original mode] Already plain: backbone.blocks.0.attn.qkv.weight
[2025-11-13 03:55:11][ INFO] [MATCHED] backbone.blocks.0.attn.qkv.weight -> backbone.blocks.0.attn.qkv.weight
[2025-11-13 03:55:11][ INFO] [Original mode] Already plain: backbone.blocks.0.attn.qkv.bias
[2025-11-13 03:55:11][ INFO] [MATCHED] backbone.blocks.0.attn.qkv.bias -> backbone.blocks.0.attn.qkv.bias
[2025-11-13 03:55:11][ INFO] [Original mode] Already plain: backbone.blocks.0.attn.proj.weight
[2025-11-13 03:55:11][ INFO] [MATCHED] backbone.blocks.0.attn.proj.weight -> backbone.blocks.0.attn.proj.weight
[2025-11-13 03:55:11][ INFO] [Original mode] Already plain: backbone.blocks.0.attn.proj.bias
[2025-11-13 03:55:11][ INFO] [MATCHED] backbone.blocks.0.attn.proj.bias -> backbone.blocks.0.attn.proj.bias
[2025-11-13 03:55:11][ INFO] --- Checkpoint Keys (first 5) ---
[2025-11-13 03:55:11][ INFO]   - backbone.cls_token
[2025-11-13 03:55:11][ INFO]   - backbone.pos_embed
[2025-11-13 03:55:11][ INFO]   - backbone.mask_token
[2025-11-13 03:55:11][ INFO]   - backbone.patch_embed.proj.weight
[2025-11-13 03:55:11][ INFO]   - backbone.patch_embed.proj.bias
[2025-11-13 03:55:11][ INFO] --- Model Keys (first 5) ---
[2025-11-13 03:55:11][ INFO]   - backbone.blocks.1.attn.qkv.weight
[2025-11-13 03:55:11][ INFO]   - depth_head.scratch.refinenet4.resConfUnit1.conv1.weight
[2025-11-13 03:55:11][ INFO]   - backbone.blocks.6.attn.qkv.bias
[2025-11-13 03:55:11][ INFO]   - backbone.blocks.6.mlp.fc1.weight
[2025-11-13 03:55:11][ INFO]   - camera_head.encoder.layers.0.self_attn.in_proj_bias
[2025-11-13 03:55:11][ INFO] ---------------------------------
[2025-11-13 03:55:11][ INFO] Successfully loaded 269 parameters.
[2025-11-13 03:55:11][ INFO] Skipped 0 parameters (non-matching or excluded).
[2025-11-13 03:55:11][ INFO] Initialized 0 new parameters (not found in checkpoint or skipped).
[2025-11-13 03:55:11][ INFO] Only model weights loaded. Optimizer, scheduler, and epoch are not restored.
[2025-11-13 03:55:11][ INFO] Seg head disabled via config; skipping seg_head validation.
[2025-11-13 03:55:15][WARNING] DataParallel failed due to empty micro-batch (batch=8, replicas=6); falling back to single-device inference.
[2025-11-13 04:05:57][ INFO] Finished inference. Saved 27962 files (root=/data/ziyi/result/no_mask).
[2025-11-13 04:05:57][ INFO] Camera report saved to /data/ziyi/result/no_mask/camera_report.csv
